1519144587117	geckodriver	INFO	geckodriver 0.19.1
1519144587142	geckodriver	INFO	Listening on 127.0.0.1:63366
1519144590554	mozrunner::runner	INFO	Running command: "C:\\Program Files\\Firefox Developer Edition\\firefox.exe" "-marionette" "-profile" "C:\\Users\\SEBAST~1\\AppData\\Local\\Temp\\rust_mozprofile.0DmL3lJfOeGK"
1519144596094	Marionette	INFO	Enabled via --marionette
Unable to read VR Path Registry from C:\Users\Sebastian\AppData\Local\openvr\openvrpaths.vrpath
[Parent 4436, Gecko_IOThread] WARNING: pipe error: 109: file z:/build/build/src/ipc/chromium/src/chrome/common/ipc_channel_win.cc, line 346
Unable to read VR Path Registry from C:\Users\Sebastian\AppData\Local\openvr\openvrpaths.vrpath
[Child 1796, Chrome_ChildThread] WARNING: pipe error: 109: file z:/build/build/src/ipc/chromium/src/chrome/common/ipc_channel_win.cc, line 346
1519144606028	Marionette	INFO	Listening on port 63376
1519144606582	Marionette	WARN	TLS certificate errors will be ignored for this session
1519144609780	addons.xpi	WARN	Exception running bootstrap method shutdown on activity-stream@mozilla.org: [Exception... "Component returned failure code: 0x80004005 (NS_ERROR_FAILURE) [nsIObserverService.removeObserver]"  nsresult: "0x80004005 (NS_ERROR_FAILURE)"  location: "JS frame :: resource://activity-stream/lib/SnippetsFeed.jsm :: uninit :: line 125"  data: no] Stack trace: uninit()@resource://activity-stream/lib/SnippetsFeed.jsm:125 < onAction()@resource://activity-stream/lib/SnippetsFeed.jsm:141 < _middleware/</<()@resource://activity-stream/lib/Store.jsm:51 < Store/this[method]()@resource://activity-stream/lib/Store.jsm:30 < uninit()@resource://activity-stream/lib/Store.jsm:153 < uninit()@resource://activity-stream/lib/ActivityStream.jsm:274 < uninit()@resource://gre/modules/addons/XPIProvider.jsm -> jar:file:///C:/Program%20Files/Firefox%20Developer%20Edition/browser/features/activity-stream@mozilla.org.xpi!/bootstrap.js:80 < shutdown()@resource://gre/modules/addons/XPIProvider.jsm -> jar:file:///C:/Program%20Files/Firefox%20Developer%20Edition/browser/features/activity-stream@mozilla.org.xpi!/bootstrap.js:196 < callBootstrapMethod()@resource://gre/modules/addons/XPIProvider.jsm:4419 < observe()@resource://gre/modules/addons/XPIProvider.jsm:2279 < GeckoDriver.prototype.quit()@driver.js:3270 < despatch()@server.js:557 < execute()@server.js:531 < onPacket/<()@server.js:506 < onPacket()@server.js:505 < _onJSONObjectReady/<()@transport.js:500
1519151715509	geckodriver	INFO	geckodriver 0.19.1
1519151715540	geckodriver	INFO	Listening on 127.0.0.1:63754
1519151718650	mozrunner::runner	INFO	Running command: "C:\\Program Files\\Firefox Developer Edition\\firefox.exe" "-marionette" "-profile" "C:\\Users\\SEBAST~1\\AppData\\Local\\Temp\\rust_mozprofile.IBccX7Rzv3gI"
1519151721102	Marionette	INFO	Enabled via --marionette
1519151726734	Marionette	INFO	Listening on port 63762
1519151727572	Marionette	WARN	TLS certificate errors will be ignored for this session
1519151729602	addons.xpi	WARN	Exception running bootstrap method shutdown on activity-stream@mozilla.org: [Exception... "Component returned failure code: 0x80004005 (NS_ERROR_FAILURE) [nsIObserverService.removeObserver]"  nsresult: "0x80004005 (NS_ERROR_FAILURE)"  location: "JS frame :: resource://activity-stream/lib/SnippetsFeed.jsm :: uninit :: line 125"  data: no] Stack trace: uninit()@resource://activity-stream/lib/SnippetsFeed.jsm:125 < onAction()@resource://activity-stream/lib/SnippetsFeed.jsm:141 < _middleware/</<()@resource://activity-stream/lib/Store.jsm:51 < Store/this[method]()@resource://activity-stream/lib/Store.jsm:30 < uninit()@resource://activity-stream/lib/Store.jsm:153 < uninit()@resource://activity-stream/lib/ActivityStream.jsm:274 < uninit()@resource://gre/modules/addons/XPIProvider.jsm -> jar:file:///C:/Program%20Files/Firefox%20Developer%20Edition/browser/features/activity-stream@mozilla.org.xpi!/bootstrap.js:80 < shutdown()@resource://gre/modules/addons/XPIProvider.jsm -> jar:file:///C:/Program%20Files/Firefox%20Developer%20Edition/browser/features/activity-stream@mozilla.org.xpi!/bootstrap.js:196 < callBootstrapMethod()@resource://gre/modules/addons/XPIProvider.jsm:4419 < observe()@resource://gre/modules/addons/XPIProvider.jsm:2279 < GeckoDriver.prototype.quit()@driver.js:3270 < despatch()@server.js:557 < execute()@server.js:531 < onPacket/<()@server.js:506 < onPacket()@server.js:505 < _onJSONObjectReady/<()@transport.js:500
[GF[GFX1-]: Receive IPC close with reason=AbnormalShutdX1-]: Receive IPC close with reason=AbnormalShutdown
own
1519157581672	geckodriver	INFO	geckodriver 0.19.1
1519157581688	geckodriver	INFO	Listening on 127.0.0.1:64703
1519157585436	mozrunner::runner	INFO	Running command: "C:\\Program Files\\Firefox Developer Edition\\firefox.exe" "-marionette" "-profile" "C:\\Users\\SEBAST~1\\AppData\\Local\\Temp\\rust_mozprofile.dK2YTXmeU8rf"
1519157589614	Marionette	INFO	Enabled via --marionette
1519157595704	Marionette	INFO	Listening on port 64712
1519157596012	Marionette	WARN	TLS certificate errors will be ignored for this session
1519157672200	geckodriver	INFO	geckodriver 0.19.1
1519157672232	geckodriver	INFO	Listening on 127.0.0.1:64759
1519157675422	mozrunner::runner	INFO	Running command: "C:\\Program Files\\Firefox Developer Edition\\firefox.exe" "-marionette" "-profile" "C:\\Users\\SEBAST~1\\AppData\\Local\\Temp\\rust_mozprofile.cpKAl1My46n9"
1519157677950	Marionette	INFO	Enabled via --marionette
1519157683712	Marionette	INFO	Listening on port 64767
1519157683960	Marionette	WARN	TLS certificate errors will be ignored for this session
[GFX1-]: Receive IPC close with reason=AbnormalShutdown[GFX1-]: Receive 
IPC close with reason=AbnormalShutdown
